                                 Started job on |	May 16 05:13:44
                             Started mapping on |	May 16 05:29:44
                                    Finished on |	May 16 05:46:16
       Mapping speed, Million of reads per hour |	181.45

                          Number of input reads |	50000137
                      Average input read length |	150
                                    UNIQUE READS:
                   Uniquely mapped reads number |	44159926
                        Uniquely mapped reads % |	88.32%
                          Average mapped length |	149.83
                       Number of splices: Total |	14483603
            Number of splices: Annotated (sjdb) |	14451927
                       Number of splices: GT/AG |	14349466
                       Number of splices: GC/AG |	93994
                       Number of splices: AT/AC |	9130
               Number of splices: Non-canonical |	31013
                      Mismatch rate per base, % |	0.36%
                         Deletion rate per base |	0.01%
                        Deletion average length |	1.51
                        Insertion rate per base |	0.01%
                       Insertion average length |	1.26
                             MULTI-MAPPING READS:
        Number of reads mapped to multiple loci |	2468607
             % of reads mapped to multiple loci |	4.94%
        Number of reads mapped to too many loci |	15832
             % of reads mapped to too many loci |	0.03%
                                  UNMAPPED READS:
       % of reads unmapped: too many mismatches |	0.00%
                 % of reads unmapped: too short |	6.62%
                     % of reads unmapped: other |	0.09%
                                  CHIMERIC READS:
                       Number of chimeric reads |	486391
                            % of chimeric reads |	0.97%
