                                 Started job on |	May 15 22:36:01
                             Started mapping on |	May 15 22:55:44
                                    Finished on |	May 15 23:24:40
       Mapping speed, Million of reads per hour |	103.68

                          Number of input reads |	49997942
                      Average input read length |	150
                                    UNIQUE READS:
                   Uniquely mapped reads number |	43440530
                        Uniquely mapped reads % |	86.88%
                          Average mapped length |	149.80
                       Number of splices: Total |	3831305
            Number of splices: Annotated (sjdb) |	3756705
                       Number of splices: GT/AG |	3703731
                       Number of splices: GC/AG |	37298
                       Number of splices: AT/AC |	3669
               Number of splices: Non-canonical |	86607
                      Mismatch rate per base, % |	0.47%
                         Deletion rate per base |	0.01%
                        Deletion average length |	1.55
                        Insertion rate per base |	0.01%
                       Insertion average length |	1.35
                             MULTI-MAPPING READS:
        Number of reads mapped to multiple loci |	4099583
             % of reads mapped to multiple loci |	8.20%
        Number of reads mapped to too many loci |	143199
             % of reads mapped to too many loci |	0.29%
                                  UNMAPPED READS:
       % of reads unmapped: too many mismatches |	0.00%
                 % of reads unmapped: too short |	4.14%
                     % of reads unmapped: other |	0.48%
                                  CHIMERIC READS:
                       Number of chimeric reads |	205243
                            % of chimeric reads |	0.41%
