                                 Started job on |	May 16 12:38:42
                             Started mapping on |	May 16 12:54:42
                                    Finished on |	May 16 13:10:56
       Mapping speed, Million of reads per hour |	184.80

                          Number of input reads |	49998397
                      Average input read length |	150
                                    UNIQUE READS:
                   Uniquely mapped reads number |	43768827
                        Uniquely mapped reads % |	87.54%
                          Average mapped length |	149.94
                       Number of splices: Total |	9892307
            Number of splices: Annotated (sjdb) |	9861308
                       Number of splices: GT/AG |	9788332
                       Number of splices: GC/AG |	68889
                       Number of splices: AT/AC |	6455
               Number of splices: Non-canonical |	28631
                      Mismatch rate per base, % |	0.42%
                         Deletion rate per base |	0.01%
                        Deletion average length |	1.55
                        Insertion rate per base |	0.01%
                       Insertion average length |	1.30
                             MULTI-MAPPING READS:
        Number of reads mapped to multiple loci |	4650081
             % of reads mapped to multiple loci |	9.30%
        Number of reads mapped to too many loci |	81426
             % of reads mapped to too many loci |	0.16%
                                  UNMAPPED READS:
       % of reads unmapped: too many mismatches |	0.00%
                 % of reads unmapped: too short |	2.90%
                     % of reads unmapped: other |	0.10%
                                  CHIMERIC READS:
                       Number of chimeric reads |	138582
                            % of chimeric reads |	0.28%
