                                 Started job on |	May 15 09:01:13
                             Started mapping on |	May 15 09:17:04
                                    Finished on |	May 15 09:34:28
       Mapping speed, Million of reads per hour |	172.38

                          Number of input reads |	49990603
                      Average input read length |	150
                                    UNIQUE READS:
                   Uniquely mapped reads number |	44555988
                        Uniquely mapped reads % |	89.13%
                          Average mapped length |	149.78
                       Number of splices: Total |	16134791
            Number of splices: Annotated (sjdb) |	16103459
                       Number of splices: GT/AG |	15958031
                       Number of splices: GC/AG |	123810
                       Number of splices: AT/AC |	12149
               Number of splices: Non-canonical |	40801
                      Mismatch rate per base, % |	0.39%
                         Deletion rate per base |	0.01%
                        Deletion average length |	1.45
                        Insertion rate per base |	0.01%
                       Insertion average length |	1.28
                             MULTI-MAPPING READS:
        Number of reads mapped to multiple loci |	4185369
             % of reads mapped to multiple loci |	8.37%
        Number of reads mapped to too many loci |	39979
             % of reads mapped to too many loci |	0.08%
                                  UNMAPPED READS:
       % of reads unmapped: too many mismatches |	0.00%
                 % of reads unmapped: too short |	2.37%
                     % of reads unmapped: other |	0.05%
                                  CHIMERIC READS:
                       Number of chimeric reads |	123392
                            % of chimeric reads |	0.25%
