                                 Started job on |	May 16 12:26:04
                             Started mapping on |	May 16 12:41:50
                                    Finished on |	May 16 12:57:15
       Mapping speed, Million of reads per hour |	194.62

                          Number of input reads |	50005922
                      Average input read length |	150
                                    UNIQUE READS:
                   Uniquely mapped reads number |	43941449
                        Uniquely mapped reads % |	87.87%
                          Average mapped length |	150.06
                       Number of splices: Total |	9973999
            Number of splices: Annotated (sjdb) |	9944858
                       Number of splices: GT/AG |	9871957
                       Number of splices: GC/AG |	69093
                       Number of splices: AT/AC |	6447
               Number of splices: Non-canonical |	26502
                      Mismatch rate per base, % |	0.41%
                         Deletion rate per base |	0.01%
                        Deletion average length |	1.55
                        Insertion rate per base |	0.01%
                       Insertion average length |	1.29
                             MULTI-MAPPING READS:
        Number of reads mapped to multiple loci |	4371769
             % of reads mapped to multiple loci |	8.74%
        Number of reads mapped to too many loci |	68170
             % of reads mapped to too many loci |	0.14%
                                  UNMAPPED READS:
       % of reads unmapped: too many mismatches |	0.00%
                 % of reads unmapped: too short |	3.17%
                     % of reads unmapped: other |	0.08%
                                  CHIMERIC READS:
                       Number of chimeric reads |	174924
                            % of chimeric reads |	0.35%
