                                 Started job on |	May 15 14:54:18
                             Started mapping on |	May 15 15:14:43
                                    Finished on |	May 15 15:48:27
       Mapping speed, Million of reads per hour |	88.93

                          Number of input reads |	49996267
                      Average input read length |	150
                                    UNIQUE READS:
                   Uniquely mapped reads number |	43431821
                        Uniquely mapped reads % |	86.87%
                          Average mapped length |	149.86
                       Number of splices: Total |	3983043
            Number of splices: Annotated (sjdb) |	3894297
                       Number of splices: GT/AG |	3836758
                       Number of splices: GC/AG |	41217
                       Number of splices: AT/AC |	3996
               Number of splices: Non-canonical |	101072
                      Mismatch rate per base, % |	0.44%
                         Deletion rate per base |	0.01%
                        Deletion average length |	1.56
                        Insertion rate per base |	0.01%
                       Insertion average length |	1.38
                             MULTI-MAPPING READS:
        Number of reads mapped to multiple loci |	4100061
             % of reads mapped to multiple loci |	8.20%
        Number of reads mapped to too many loci |	146461
             % of reads mapped to too many loci |	0.29%
                                  UNMAPPED READS:
       % of reads unmapped: too many mismatches |	0.00%
                 % of reads unmapped: too short |	4.12%
                     % of reads unmapped: other |	0.52%
                                  CHIMERIC READS:
                       Number of chimeric reads |	284012
                            % of chimeric reads |	0.57%
