                                 Started job on |	May 15 22:46:06
                             Started mapping on |	May 15 23:01:42
                                    Finished on |	May 15 23:19:21
       Mapping speed, Million of reads per hour |	169.99

                          Number of input reads |	50006668
                      Average input read length |	150
                                    UNIQUE READS:
                   Uniquely mapped reads number |	44532526
                        Uniquely mapped reads % |	89.05%
                          Average mapped length |	149.87
                       Number of splices: Total |	15097945
            Number of splices: Annotated (sjdb) |	15062811
                       Number of splices: GT/AG |	14952459
                       Number of splices: GC/AG |	96674
                       Number of splices: AT/AC |	9913
               Number of splices: Non-canonical |	38899
                      Mismatch rate per base, % |	0.36%
                         Deletion rate per base |	0.01%
                        Deletion average length |	1.51
                        Insertion rate per base |	0.01%
                       Insertion average length |	1.27
                             MULTI-MAPPING READS:
        Number of reads mapped to multiple loci |	3870130
             % of reads mapped to multiple loci |	7.74%
        Number of reads mapped to too many loci |	24850
             % of reads mapped to too many loci |	0.05%
                                  UNMAPPED READS:
       % of reads unmapped: too many mismatches |	0.00%
                 % of reads unmapped: too short |	3.07%
                     % of reads unmapped: other |	0.09%
                                  CHIMERIC READS:
                       Number of chimeric reads |	167113
                            % of chimeric reads |	0.33%
