                                 Started job on |	May 16 11:32:41
                             Started mapping on |	May 16 11:48:49
                                    Finished on |	May 16 12:03:55
       Mapping speed, Million of reads per hour |	198.66

                          Number of input reads |	49996562
                      Average input read length |	150
                                    UNIQUE READS:
                   Uniquely mapped reads number |	43159100
                        Uniquely mapped reads % |	86.32%
                          Average mapped length |	149.57
                       Number of splices: Total |	9253725
            Number of splices: Annotated (sjdb) |	9225238
                       Number of splices: GT/AG |	9156633
                       Number of splices: GC/AG |	63474
                       Number of splices: AT/AC |	6076
               Number of splices: Non-canonical |	27542
                      Mismatch rate per base, % |	0.41%
                         Deletion rate per base |	0.01%
                        Deletion average length |	1.54
                        Insertion rate per base |	0.01%
                       Insertion average length |	1.30
                             MULTI-MAPPING READS:
        Number of reads mapped to multiple loci |	3799229
             % of reads mapped to multiple loci |	7.60%
        Number of reads mapped to too many loci |	85409
             % of reads mapped to too many loci |	0.17%
                                  UNMAPPED READS:
       % of reads unmapped: too many mismatches |	0.00%
                 % of reads unmapped: too short |	5.80%
                     % of reads unmapped: other |	0.10%
                                  CHIMERIC READS:
                       Number of chimeric reads |	347958
                            % of chimeric reads |	0.70%
