                                 Started job on |	May 16 06:05:50
                             Started mapping on |	May 16 06:21:54
                                    Finished on |	May 16 06:39:40
       Mapping speed, Million of reads per hour |	168.87

                          Number of input reads |	50003344
                      Average input read length |	150
                                    UNIQUE READS:
                   Uniquely mapped reads number |	45715073
                        Uniquely mapped reads % |	91.42%
                          Average mapped length |	149.88
                       Number of splices: Total |	15608037
            Number of splices: Annotated (sjdb) |	15571887
                       Number of splices: GT/AG |	15455566
                       Number of splices: GC/AG |	101927
                       Number of splices: AT/AC |	10184
               Number of splices: Non-canonical |	40360
                      Mismatch rate per base, % |	0.37%
                         Deletion rate per base |	0.01%
                        Deletion average length |	1.52
                        Insertion rate per base |	0.01%
                       Insertion average length |	1.27
                             MULTI-MAPPING READS:
        Number of reads mapped to multiple loci |	2682622
             % of reads mapped to multiple loci |	5.36%
        Number of reads mapped to too many loci |	17687
             % of reads mapped to too many loci |	0.04%
                                  UNMAPPED READS:
       % of reads unmapped: too many mismatches |	0.00%
                 % of reads unmapped: too short |	3.09%
                     % of reads unmapped: other |	0.08%
                                  CHIMERIC READS:
                       Number of chimeric reads |	253746
                            % of chimeric reads |	0.51%
