                                 Started job on |	May 15 09:25:02
                             Started mapping on |	May 15 09:40:56
                                    Finished on |	May 15 09:59:50
       Mapping speed, Million of reads per hour |	158.75

                          Number of input reads |	50005765
                      Average input read length |	150
                                    UNIQUE READS:
                   Uniquely mapped reads number |	43803159
                        Uniquely mapped reads % |	87.60%
                          Average mapped length |	149.84
                       Number of splices: Total |	15915221
            Number of splices: Annotated (sjdb) |	15884208
                       Number of splices: GT/AG |	15748057
                       Number of splices: GC/AG |	108998
                       Number of splices: AT/AC |	12132
               Number of splices: Non-canonical |	46034
                      Mismatch rate per base, % |	0.39%
                         Deletion rate per base |	0.01%
                        Deletion average length |	1.44
                        Insertion rate per base |	0.01%
                       Insertion average length |	1.28
                             MULTI-MAPPING READS:
        Number of reads mapped to multiple loci |	4886317
             % of reads mapped to multiple loci |	9.77%
        Number of reads mapped to too many loci |	39807
             % of reads mapped to too many loci |	0.08%
                                  UNMAPPED READS:
       % of reads unmapped: too many mismatches |	0.00%
                 % of reads unmapped: too short |	2.50%
                     % of reads unmapped: other |	0.05%
                                  CHIMERIC READS:
                       Number of chimeric reads |	195652
                            % of chimeric reads |	0.39%
