                                 Started job on |	May 16 06:00:17
                             Started mapping on |	May 16 06:15:50
                                    Finished on |	May 16 06:32:48
       Mapping speed, Million of reads per hour |	176.81

                          Number of input reads |	49997014
                      Average input read length |	150
                                    UNIQUE READS:
                   Uniquely mapped reads number |	45716397
                        Uniquely mapped reads % |	91.44%
                          Average mapped length |	149.82
                       Number of splices: Total |	15539393
            Number of splices: Annotated (sjdb) |	15503660
                       Number of splices: GT/AG |	15390003
                       Number of splices: GC/AG |	100684
                       Number of splices: AT/AC |	9947
               Number of splices: Non-canonical |	38759
                      Mismatch rate per base, % |	0.36%
                         Deletion rate per base |	0.01%
                        Deletion average length |	1.51
                        Insertion rate per base |	0.01%
                       Insertion average length |	1.27
                             MULTI-MAPPING READS:
        Number of reads mapped to multiple loci |	2705159
             % of reads mapped to multiple loci |	5.41%
        Number of reads mapped to too many loci |	17259
             % of reads mapped to too many loci |	0.03%
                                  UNMAPPED READS:
       % of reads unmapped: too many mismatches |	0.00%
                 % of reads unmapped: too short |	3.02%
                     % of reads unmapped: other |	0.10%
                                  CHIMERIC READS:
                       Number of chimeric reads |	162593
                            % of chimeric reads |	0.33%
