                                 Started job on |	May 16 19:10:15
                             Started mapping on |	May 16 19:26:21
                                    Finished on |	May 16 19:42:23
       Mapping speed, Million of reads per hour |	187.12

                          Number of input reads |	50002111
                      Average input read length |	150
                                    UNIQUE READS:
                   Uniquely mapped reads number |	43456671
                        Uniquely mapped reads % |	86.91%
                          Average mapped length |	149.97
                       Number of splices: Total |	9614699
            Number of splices: Annotated (sjdb) |	9584022
                       Number of splices: GT/AG |	9516201
                       Number of splices: GC/AG |	65436
                       Number of splices: AT/AC |	6488
               Number of splices: Non-canonical |	26574
                      Mismatch rate per base, % |	0.41%
                         Deletion rate per base |	0.01%
                        Deletion average length |	1.55
                        Insertion rate per base |	0.01%
                       Insertion average length |	1.30
                             MULTI-MAPPING READS:
        Number of reads mapped to multiple loci |	4614685
             % of reads mapped to multiple loci |	9.23%
        Number of reads mapped to too many loci |	76706
             % of reads mapped to too many loci |	0.15%
                                  UNMAPPED READS:
       % of reads unmapped: too many mismatches |	0.00%
                 % of reads unmapped: too short |	3.60%
                     % of reads unmapped: other |	0.10%
                                  CHIMERIC READS:
                       Number of chimeric reads |	268929
                            % of chimeric reads |	0.54%
