                                 Started job on |	May 15 15:19:18
                             Started mapping on |	May 15 15:39:58
                                    Finished on |	May 15 16:15:25
       Mapping speed, Million of reads per hour |	84.62

                          Number of input reads |	49995049
                      Average input read length |	150
                                    UNIQUE READS:
                   Uniquely mapped reads number |	43302212
                        Uniquely mapped reads % |	86.61%
                          Average mapped length |	149.68
                       Number of splices: Total |	3993720
            Number of splices: Annotated (sjdb) |	3902750
                       Number of splices: GT/AG |	3844593
                       Number of splices: GC/AG |	37138
                       Number of splices: AT/AC |	4278
               Number of splices: Non-canonical |	107711
                      Mismatch rate per base, % |	0.44%
                         Deletion rate per base |	0.01%
                        Deletion average length |	1.55
                        Insertion rate per base |	0.01%
                       Insertion average length |	1.37
                             MULTI-MAPPING READS:
        Number of reads mapped to multiple loci |	4250210
             % of reads mapped to multiple loci |	8.50%
        Number of reads mapped to too many loci |	149478
             % of reads mapped to too many loci |	0.30%
                                  UNMAPPED READS:
       % of reads unmapped: too many mismatches |	0.00%
                 % of reads unmapped: too short |	4.05%
                     % of reads unmapped: other |	0.54%
                                  CHIMERIC READS:
                       Number of chimeric reads |	266214
                            % of chimeric reads |	0.53%
