                                 Started job on |	May 15 16:59:13
                             Started mapping on |	May 15 17:14:49
                                    Finished on |	May 15 17:32:33
       Mapping speed, Million of reads per hour |	169.17

                          Number of input reads |	49999100
                      Average input read length |	150
                                    UNIQUE READS:
                   Uniquely mapped reads number |	44255405
                        Uniquely mapped reads % |	88.51%
                          Average mapped length |	149.92
                       Number of splices: Total |	15860054
            Number of splices: Annotated (sjdb) |	15826922
                       Number of splices: GT/AG |	15686171
                       Number of splices: GC/AG |	115503
                       Number of splices: AT/AC |	12320
               Number of splices: Non-canonical |	46060
                      Mismatch rate per base, % |	0.38%
                         Deletion rate per base |	0.01%
                        Deletion average length |	1.44
                        Insertion rate per base |	0.01%
                       Insertion average length |	1.28
                             MULTI-MAPPING READS:
        Number of reads mapped to multiple loci |	4587975
             % of reads mapped to multiple loci |	9.18%
        Number of reads mapped to too many loci |	42151
             % of reads mapped to too many loci |	0.08%
                                  UNMAPPED READS:
       % of reads unmapped: too many mismatches |	0.00%
                 % of reads unmapped: too short |	2.17%
                     % of reads unmapped: other |	0.05%
                                  CHIMERIC READS:
                       Number of chimeric reads |	112124
                            % of chimeric reads |	0.22%
